<?xml version="1.0" encoding="UTF-8"?>
<testng-results ignored="0" total="1" passed="1" failed="0" skipped="0">
  <reporter-output>
    <line>
      <![CDATA[The empty browser is Launched]]>
    </line>
    <line>
      <![CDATA[Browser window is Maximized]]>
    </line>
    <line>
      <![CDATA[User Navigted to HomePage Suceesfully]]>
    </line>
    <line>
      <![CDATA[Shop]]>
    </line>
    <line>
      <![CDATA[User Login Sucessfully]]>
    </line>
    <line>
      <![CDATA[User Clicking On Mobile Phones Button]]>
    </line>
    <line>
      <![CDATA[User Navigated to Mobile page sucessfully]]>
    </line>
    <line>
      <![CDATA[user Clicked on Iphone SucessFully:  Shop. iPhone Plus]]>
    </line>
    <line>
      <![CDATA[user add the product to wishList SucessFully]]>
    </line>
    <line>
      <![CDATA[User clicked on the wishList button on popupPage sucessfully ]]>
    </line>
    <line>
      <![CDATA[User Navigated to WishList Page sucessfully ]]>
    </line>
    <line>
      <![CDATA[User Clicked On The AddTocart Button Sucessfully]]>
    </line>
    <line>
      <![CDATA[User Navigated To Addto cart Page Sucessfully]]>
    </line>
    <line>
      <![CDATA[User Remove the Product From the Cart page sucessfully]]>
    </line>
    <line>
      <![CDATA[User Logout Sucessfully]]>
    </line>
    <line>
      <![CDATA[Server Closed Sucessfully]]>
    </line>
  </reporter-output>
  <suite started-at="2023-01-21T23:15:21 IST" name="Default suite" finished-at="2023-01-21T23:15:48 IST" duration-ms="26476">
    <groups>
      <group name="System">
        <method signature="TC_009_Test.TC_009_ClickOnMobilePhone()[pri:0, instance:TC_009_Test@3ba9ad43]" name="TC_009_ClickOnMobilePhone" class="TC_009_Test"/>
      </group> <!-- System -->
    </groups>
    <test started-at="2023-01-21T23:15:21 IST" name="Default test" finished-at="2023-01-21T23:15:48 IST" duration-ms="26476">
      <class name="TC_009_Test">
        <test-method is-config="true" signature="browserSetUp(java.lang.String)[pri:0, instance:TC_009_Test@3ba9ad43]" started-at="2023-01-21T23:15:21 IST" name="browserSetUp" finished-at="2023-01-21T23:15:29 IST" duration-ms="8194" status="PASS">
          <params>
            <param index="0">
              <value>
                <![CDATA[chrome]]>
              </value>
            </param>
          </params>
          <reporter-output>
            <line>
              <![CDATA[The empty browser is Launched]]>
            </line>
            <line>
              <![CDATA[Browser window is Maximized]]>
            </line>
            <line>
              <![CDATA[User Navigted to HomePage Suceesfully]]>
            </line>
            <line>
              <![CDATA[Shop]]>
            </line>
          </reporter-output>
        </test-method> <!-- browserSetUp -->
        <test-method is-config="true" signature="LoginUser()[pri:0, instance:TC_009_Test@3ba9ad43]" started-at="2023-01-21T23:15:29 IST" name="LoginUser" finished-at="2023-01-21T23:15:33 IST" duration-ms="3289" status="PASS">
          <reporter-output>
            <line>
              <![CDATA[User Login Sucessfully]]>
            </line>
          </reporter-output>
        </test-method> <!-- LoginUser -->
        <test-method signature="TC_009_ClickOnMobilePhone()[pri:0, instance:TC_009_Test@3ba9ad43]" started-at="2023-01-21T23:15:33 IST" name="TC_009_ClickOnMobilePhone" finished-at="2023-01-21T23:15:45 IST" duration-ms="12434" status="PASS">
          <reporter-output>
            <line>
              <![CDATA[User Clicking On Mobile Phones Button]]>
            </line>
            <line>
              <![CDATA[User Navigated to Mobile page sucessfully]]>
            </line>
            <line>
              <![CDATA[user Clicked on Iphone SucessFully:  Shop. iPhone Plus]]>
            </line>
            <line>
              <![CDATA[user add the product to wishList SucessFully]]>
            </line>
            <line>
              <![CDATA[User clicked on the wishList button on popupPage sucessfully ]]>
            </line>
            <line>
              <![CDATA[User Navigated to WishList Page sucessfully ]]>
            </line>
            <line>
              <![CDATA[User Clicked On The AddTocart Button Sucessfully]]>
            </line>
            <line>
              <![CDATA[User Navigated To Addto cart Page Sucessfully]]>
            </line>
            <line>
              <![CDATA[User Remove the Product From the Cart page sucessfully]]>
            </line>
          </reporter-output>
        </test-method> <!-- TC_009_ClickOnMobilePhone -->
        <test-method is-config="true" signature="LogOut()[pri:0, instance:TC_009_Test@3ba9ad43]" started-at="2023-01-21T23:15:45 IST" name="LogOut" finished-at="2023-01-21T23:15:47 IST" duration-ms="2231" status="PASS">
          <reporter-output>
            <line>
              <![CDATA[User Logout Sucessfully]]>
            </line>
          </reporter-output>
        </test-method> <!-- LogOut -->
        <test-method is-config="true" signature="quitBrowser()[pri:0, instance:TC_009_Test@3ba9ad43]" started-at="2023-01-21T23:15:47 IST" name="quitBrowser" finished-at="2023-01-21T23:15:48 IST" duration-ms="283" status="PASS">
          <reporter-output>
            <line>
              <![CDATA[Server Closed Sucessfully]]>
            </line>
          </reporter-output>
        </test-method> <!-- quitBrowser -->
      </class> <!-- TC_009_Test -->
    </test> <!-- Default test -->
  </suite> <!-- Default suite -->
</testng-results>
